2012-02-23 1313 - 0043 - SQLSTATE[42S22]: Column not found: 1054 Unknown column 'language' in 'where clause'
2012-02-23 1313 - 0043 - SQLSTATE[42S22]: Column not found: 1054 Unknown column 'language' in 'where clause'
2012-03-09 1216 - 0071 - SQLSTATE[42S22]: Column not found: 1054 Unknown column '1000' in 'order clause'
2012-03-09 1259 - Controller not found:/Users/marcoraddatz/Sites/phpcms/app/controllers/1.controller.php
2012-03-09 1300 - Controller not found:/Users/marcoraddatz/Sites/phpcms/app/controllers/1.controller.php
2012-03-09 1825 - Controller not found:/Users/marcoraddatz/Sites/phpcms/app/controllers/Gallerys.controller.php
2012-03-09 1827 - Controller not found:/Users/marcoraddatz/Sites/phpcms/app/controllers/Sampleasdas.controller.php
2012-03-09 1828 - Model not found:Error
2012-03-09 1831 - Controller not found:/Users/marcoraddatz/Sites/phpcms/app/controllers/Asdasda.controller.php
2012-03-09 1832 - Controller not found:/Users/marcoraddatz/Sites/phpcms/app/controllers/Blogs.controller.php
2012-03-14 1351 - Controller not found:/Users/marcoraddatz/Sites/phpcms/app/controllers/Blog.controller.php
2012-03-14 1356 - Controller not found:/Users/marcoraddatz/Sites/phpcms/app/controllers/Blog.controller.php
2012-03-14 1431 - Controller not found:/Users/marcoraddatz/Sites/phpcms/app/controllers/Downloads.controller.php
2012-03-14 1432 - Controller not found:/Users/marcoraddatz/Sites/phpcms/app/controllers/Blog.controller.php
2012-03-14 1432 - Controller not found:/Users/marcoraddatz/Sites/phpcms/app/controllers/Blog.controller.php
2012-03-14 1434 - Controller not found:/Users/marcoraddatz/Sites/phpcms/app/controllers/Asdas.controller.php
2012-03-14 1434 - Controller not found:/Users/marcoraddatz/Sites/phpcms/app/controllers/Errors.controller.php
2012-03-14 1434 - Controller not found:/Users/marcoraddatz/Sites/phpcms/app/controllers/Errors.controller.php
2012-03-14 1434 - Controller not found:/Users/marcoraddatz/Sites/phpcms/app/controllers/Errors.controller.php
2012-03-14 1434 - Controller not found:/Users/marcoraddatz/Sites/phpcms/app/controllers/Errors.controller.php
2012-03-14 1434 - Controller not found:/Users/marcoraddatz/Sites/phpcms/app/controllers/Errors.controller.php
2012-03-14 1434 - Controller not found:/Users/marcoraddatz/Sites/phpcms/app/controllers/Errors.controller.php
2012-03-14 1434 - Controller not found:/Users/marcoraddatz/Sites/phpcms/app/controllers/Errors.controller.php
2012-03-14 1434 - Controller not found:/Users/marcoraddatz/Sites/phpcms/app/controllers/Errors.controller.php
2012-03-14 1434 - Controller not found:/Users/marcoraddatz/Sites/phpcms/app/controllers/Errors.controller.php
2012-03-14 1434 - Controller not found:/Users/marcoraddatz/Sites/phpcms/app/controllers/Errors.controller.php
2012-03-14 1434 - Controller not found:/Users/marcoraddatz/Sites/phpcms/app/controllers/Errors.controller.php
2012-03-14 1434 - Controller not found:/Users/marcoraddatz/Sites/phpcms/app/controllers/Errors.controller.php
2012-03-14 1434 - Controller not found:/Users/marcoraddatz/Sites/phpcms/app/controllers/Errors.controller.php
2012-03-14 1434 - Controller not found:/Users/marcoraddatz/Sites/phpcms/app/controllers/Errors.controller.php
2012-03-14 1434 - Controller not found:/Users/marcoraddatz/Sites/phpcms/app/controllers/Errors.controller.php
2012-03-14 1434 - Controller not found:/Users/marcoraddatz/Sites/phpcms/app/controllers/Errors.controller.php
2012-03-14 1434 - Controller not found:/Users/marcoraddatz/Sites/phpcms/app/controllers/Errors.controller.php
2012-03-14 1434 - Controller not found:/Users/marcoraddatz/Sites/phpcms/app/controllers/Errors.controller.php
2012-03-14 1434 - Controller not found:/Users/marcoraddatz/Sites/phpcms/app/controllers/Errors.controller.php
2012-03-14 1434 - Controller not found:/Users/marcoraddatz/Sites/phpcms/app/controllers/Errors.controller.php
2012-03-14 1502 - Controller not found:/Users/marcoraddatz/Sites/phpcms/app/controllers/Logs/show.controller.php
2012-03-14 1519 - Controller not found:/Users/marcoraddatz/Sites/phpcms/app/controllers/Medias.controller.php
2012-03-14 1519 - Controller not found:/Users/marcoraddatz/Sites/phpcms/app/controllers/Medias.controller.php
2012-03-14 1537 - Controller not found:/Users/marcoraddatz/Sites/phpcms/app/controllers/Newsletters.controller.php
2012-03-14 1538 - Controller not found:/Users/marcoraddatz/Sites/phpcms/app/controllers/Newsletter.controller.php
2012-03-14 1545 - Controller not found:/Users/marcoraddatz/Sites/phpcms/app/controllers/Searches.controller.php
2012-03-14 1545 - Controller not found:/Users/marcoraddatz/Sites/phpcms/app/controllers/Searches.controller.php
2012-03-14 1618 - Controller not found:/Users/marcoraddatz/Sites/phpcms/app/controllers/Site/welcome.controller.php
2012-03-14 1618 - Controller not found:/Users/marcoraddatz/Sites/phpcms/app/controllers/Sites/welcome.controller.php
2012-03-14 1619 - Controller not found:/Users/marcoraddatz/Sites/phpcms/app/controllers/Sites/welcome.controller.php
2012-03-14 1620 - Controller not found:/Users/marcoraddatz/Sites/phpcms/app/controllers/Sites/welcome.controller.php
2012-03-14 1620 - Controller not found:/Users/marcoraddatz/Sites/phpcms/app/controllers/Sites/welcome.controller.php
2012-03-14 1632 - Controller not found:/Users/marcoraddatz/Sites/phpcms/app/controllers/Sitemap.controller.php
2012-03-14 1644 - Controller not found:/Users/marcoraddatz/Sites/phpcms/app/controllers/Logs/.controller.php
2012-03-14 1653 - Controller not found:/Users/marcoraddatz/Sites/phpcms/app/controllers/Log.controller.php
2012-03-14 1714 - Controller not found:/Users/marcoraddatz/Sites/phpcms/app/controllers/Gallery.controller.php
2012-03-15 1543 - Controller not found:/Users/marcoraddatz/Sites/phpcms/app/controllers/8994e5a10bcde64e72a74b86e1220dee.controller.php
2012-03-16 1648 - Controller not found:/Users/marcoraddatz/Sites/phpcms/app/controllers/Newsletter.controller.php
2012-03-19 1654 - Controller not found:/Users/marcoraddatz/Sites/phpcms/app/controllers/Contents/3asda/%c3%9cber+diese+seite.controller.php
2012-03-20 1129 - Input seems not valid.
2012-03-20 1131 - Input seems not valid.
2012-03-20 1131 - Input seems not valid.
2012-03-21 1356 - Controller not found:/Users/marcoraddatz/Sites/phpcms/app/controllers/Error.controller.php
2012-03-21 1356 - Controller not found:/Users/marcoraddatz/Sites/phpcms/app/controllers/Blog.controller.php
2012-03-21 1357 - Controller not found:/Users/marcoraddatz/Sites/phpcms/app/controllers/Blog.controller.php
2012-03-21 1400 - Controller not found:/Users/marcoraddatz/Sites/phpcms/app/controllers/Blog.controller.php
2012-03-21 1400 - Controller not found:/Users/marcoraddatz/Sites/phpcms/app/controllers/Blog.controller.php
2012-03-21 1401 - Controller not found:/Users/marcoraddatz/Sites/phpcms/app/controllers/Sitemaps/update.controller.php
2012-03-22 1249 - Controller not found:/Users/marcoraddatz/Sites/phpcms/app/controllers/Users/update.controller.php
2012-03-22 1249 - Controller not found:/Users/marcoraddatz/Sites/phpcms/app/controllers/Users/update.controller.php
2012-03-23 1649 - Controller not found:/Users/marcoraddatz/Sites/phpcms/app/controllers/D41d8cd98f00b204e9800998ecf8427e.controller.php
2012-03-26 1216 - Controller not found:/Users/marcoraddatz/Sites/phpcms/app/controllers/?api_token=2135.controller.php
2012-03-27 1227 - This template does not exist.
2012-03-27 1227 - This template does not exist.
2012-03-27 1229 - Controller not found:/Users/marcoraddatz/Sites/phpcms/app/controllers/Destroy.controller.php
2012-03-27 1232 - Controller not found:/Users/marcoraddatz/Sites/phpcms/app/controllers/D41d8cd98f00b204e9800998ecf8427e.controller.php
2012-04-03 1354 - Controller not found:/Users/marcoraddatz/Sites/phpcms/app/controllers/Session/destroy.controller.php
2012-04-04 1134 - Controller not found:/Users/marcoraddatz/Sites/phpcms/app/controllers/Blog.controller.php
