2012-03-13 1032 - Controller not found:/Users/marcoraddatz/Sites/phpcms/app/controllers/Upload/gallery/1/32/982e960e18.controller.php
2012-03-13 1032 - Controller not found:/Users/marcoraddatz/Sites/phpcms/app/controllers/Upload/gallery/1/32/982e960e18.controller.php
2012-03-13 1032 - Controller not found:/Users/marcoraddatz/Sites/phpcms/app/controllers/Upload/gallery/1/32/982e960e18.controller.php
2012-03-13 1032 - Controller not found:/Users/marcoraddatz/Sites/phpcms/app/controllers/Upload/gallery/1/32/982e960e18.controller.php
2012-03-13 1032 - Controller not found:/Users/marcoraddatz/Sites/phpcms/app/controllers/Upload/gallery/1/32/982e960e18.controller.php
2012-03-13 1032 - Controller not found:/Users/marcoraddatz/Sites/phpcms/app/controllers/Upload/gallery/1/32/982e960e18.controller.php
2012-03-13 1033 - Controller not found:/Users/marcoraddatz/Sites/phpcms/app/controllers/Upload/gallery/1/32/982e960e18.controller.php
2012-03-13 1033 - Controller not found:/Users/marcoraddatz/Sites/phpcms/app/controllers/Upload/gallery/1/32/982e960e18.controller.php
2012-03-13 1034 - Controller not found:/Users/marcoraddatz/Sites/phpcms/app/controllers/Upload/gallery/1/32/982e960e18.controller.php
2012-03-13 1034 - Controller not found:/Users/marcoraddatz/Sites/phpcms/app/controllers/Upload/gallery/1/32/982e960e18.controller.php
2012-03-13 1035 - Controller not found:/Users/marcoraddatz/Sites/phpcms/app/controllers/Upload/gallery/1/32/982e960e18.controller.php
2012-03-13 1038 - Controller not found:/Users/marcoraddatz/Sites/phpcms/app/controllers/Upload/gallery/1/32/982e960e18.controller.php
2012-03-13 1039 - Controller not found:/Users/marcoraddatz/Sites/phpcms/app/controllers/Upload/gallery/1/32/982e960e18.controller.php
2012-03-13 1040 - Controller not found:/Users/marcoraddatz/Sites/phpcms/app/controllers/Upload/gallery/1/32/982e960e18.controller.php
2012-03-13 1045 - Controller not found:/Users/marcoraddatz/Sites/phpcms/app/controllers/Upload/gallery/1/32/982e960e18.controller.php
2012-03-13 1047 - Controller not found:/Users/marcoraddatz/Sites/phpcms/app/controllers/Upload/gallery/1/32/982e960e18.controller.php
2012-03-13 1047 - Controller not found:/Users/marcoraddatz/Sites/phpcms/app/controllers/Upload/gallery/1/32/982e960e18.controller.php
2012-03-13 1050 - Controller not found:/Users/marcoraddatz/Sites/phpcms/app/controllers/Upload/gallery/1/32/982e960e18.controller.php
2012-03-13 1050 - Controller not found:/Users/marcoraddatz/Sites/phpcms/app/controllers/Gallery/1/.controller.php
2012-03-13 1050 - Controller not found:/Users/marcoraddatz/Sites/phpcms/app/controllers/Upload/gallery/1/32/982e960e18.controller.php
2012-03-13 1051 - Controller not found:/Users/marcoraddatz/Sites/phpcms/app/controllers/Upload/gallery/1/32/982e960e18.controller.php
2012-03-13 1053 - Controller not found:/Users/marcoraddatz/Sites/phpcms/app/controllers/Upload/gallery/1/32/982e960e18.controller.php
2012-03-13 1053 - Controller not found:/Users/marcoraddatz/Sites/phpcms/app/controllers/Upload/gallery/1/32/982e960e18.controller.php
2012-03-13 1054 - File not found:/Users/marcoraddatz/Sites/phpcms/app/controllers/Upload/gallery/1/32/982e960e18.controller.php
2012-03-13 1056 - Controller not found:/Users/marcoraddatz/Sites/phpcms/app/controllers/Upload/gallery/1/32/982e960e18.controller.php
2012-03-13 1057 - Controller not found:/Users/marcoraddatz/Sites/phpcms/app/controllers/Upload/gallery/1/32/982e960e18.controller.php
2012-03-13 1058 - Upload/gallery/1/32/982e960e18
2012-03-13 1914 - Controller not found:/Users/marcoraddatz/Sites/phpcms/app/controllers/Gallery/1/.controller.php
2012-03-20 1128 - Input seems not valid.
2012-03-20 1128 - Input seems not valid.
2012-03-20 1128 - Input seems not valid.
2012-03-20 1128 - Input seems not valid.
2012-03-20 1128 - Input seems not valid.
2012-03-26 1723 - Controller not found:/Users/marcoraddatz/Sites/phpcms/app/controllers/Galleries/1/.controller.php
2012-04-03 1132 - Controller not found:/Users/marcoraddatz/Sites/phpcms/app/controllers/Galleries/1/.controller.php
